Analysis & Synthesis report for AES_128
Sun May 22 01:02:24 2022
Quartus Prime Version 21.1.0 Build 842 10/21/2021 SJ Lite Edition


---------------------
; Table of Contents ;
---------------------
  1. Legal Notice
  2. Analysis & Synthesis Summary
  3. Analysis & Synthesis Settings
  4. Parallel Compilation
  5. Analysis & Synthesis Source Files Read
  6. Analysis & Synthesis Resource Usage Summary
  7. Analysis & Synthesis Resource Utilization by Entity
  8. State Machine - |AES_128|AES_128_Core:core|aes_core_ctrl_reg
  9. State Machine - |AES_128|AES_128_Core:core|AES_128_Key_Mem:keymem|key_mem_ctrl_reg
 10. State Machine - |AES_128|AES_128_Core:core|AES_128_Decipher_Block:dec_block|dec_ctrl_reg
 11. State Machine - |AES_128|AES_128_Core:core|AES_128_Encipher_Block:enc_block|enc_ctrl_reg
 12. Registers Removed During Synthesis
 13. General Register Statistics
 14. Inverted Register Statistics
 15. Multiplexer Restructuring Statistics (Restructuring Performed)
 16. Post-Synthesis Netlist Statistics for Top Partition
 17. Elapsed Time Per Partition
 18. Analysis & Synthesis Messages



----------------
; Legal Notice ;
----------------
Copyright (C) 2021  Intel Corporation. All rights reserved.
Your use of Intel Corporation's design tools, logic functions 
and other software and tools, and any partner logic 
functions, and any output files from any of the foregoing 
(including device programming or simulation files), and any 
associated documentation or information are expressly subject 
to the terms and conditions of the Intel Program License 
Subscription Agreement, the Intel Quartus Prime License Agreement,
the Intel FPGA IP License Agreement, or other applicable license
agreement, including, without limitation, that your use is for
the sole purpose of programming logic devices manufactured by
Intel and sold by Intel or its authorized distributors.  Please
refer to the applicable agreement for further details, at
https://fpgasoftware.intel.com/eula.



+-------------------------------------------------------------------------------+
; Analysis & Synthesis Summary                                                  ;
+---------------------------------+---------------------------------------------+
; Analysis & Synthesis Status     ; Successful - Sun May 22 01:02:24 2022       ;
; Quartus Prime Version           ; 21.1.0 Build 842 10/21/2021 SJ Lite Edition ;
; Revision Name                   ; AES_128                                     ;
; Top-level Entity Name           ; AES_128                                     ;
; Family                          ; Cyclone V                                   ;
; Logic utilization (in ALMs)     ; N/A                                         ;
; Total registers                 ; 2226                                        ;
; Total pins                      ; 76                                          ;
; Total virtual pins              ; 0                                           ;
; Total block memory bits         ; 0                                           ;
; Total DSP Blocks                ; 0                                           ;
; Total HSSI RX PCSs              ; 0                                           ;
; Total HSSI PMA RX Deserializers ; 0                                           ;
; Total HSSI TX PCSs              ; 0                                           ;
; Total HSSI PMA TX Serializers   ; 0                                           ;
; Total PLLs                      ; 0                                           ;
; Total DLLs                      ; 0                                           ;
+---------------------------------+---------------------------------------------+


+---------------------------------------------------------------------------------------------------------------------------+
; Analysis & Synthesis Settings                                                                                             ;
+---------------------------------------------------------------------------------+--------------------+--------------------+
; Option                                                                          ; Setting            ; Default Value      ;
+---------------------------------------------------------------------------------+--------------------+--------------------+
; Device                                                                          ; 5CGXFC9E7F35C8     ;                    ;
; Top-level entity name                                                           ; AES_128            ; AES_128            ;
; Family name                                                                     ; Cyclone V          ; Cyclone V          ;
; Use smart compilation                                                           ; Off                ; Off                ;
; Enable parallel Assembler and Timing Analyzer during compilation                ; On                 ; On                 ;
; Enable compact report table                                                     ; Off                ; Off                ;
; Restructure Multiplexers                                                        ; Auto               ; Auto               ;
; MLAB Add Timing Constraints For Mixed-Port Feed-Through Mode Setting Don't Care ; Off                ; Off                ;
; Create Debugging Nodes for IP Cores                                             ; Off                ; Off                ;
; Preserve fewer node names                                                       ; On                 ; On                 ;
; Intel FPGA IP Evaluation Mode                                                   ; Enable             ; Enable             ;
; Verilog Version                                                                 ; Verilog_2001       ; Verilog_2001       ;
; VHDL Version                                                                    ; VHDL_1993          ; VHDL_1993          ;
; State Machine Processing                                                        ; Auto               ; Auto               ;
; Safe State Machine                                                              ; Off                ; Off                ;
; Extract Verilog State Machines                                                  ; On                 ; On                 ;
; Extract VHDL State Machines                                                     ; On                 ; On                 ;
; Ignore Verilog initial constructs                                               ; Off                ; Off                ;
; Iteration limit for constant Verilog loops                                      ; 5000               ; 5000               ;
; Iteration limit for non-constant Verilog loops                                  ; 250                ; 250                ;
; Add Pass-Through Logic to Inferred RAMs                                         ; On                 ; On                 ;
; Infer RAMs from Raw Logic                                                       ; On                 ; On                 ;
; Parallel Synthesis                                                              ; On                 ; On                 ;
; DSP Block Balancing                                                             ; Auto               ; Auto               ;
; NOT Gate Push-Back                                                              ; On                 ; On                 ;
; Power-Up Don't Care                                                             ; On                 ; On                 ;
; Remove Redundant Logic Cells                                                    ; Off                ; Off                ;
; Remove Duplicate Registers                                                      ; On                 ; On                 ;
; Ignore CARRY Buffers                                                            ; Off                ; Off                ;
; Ignore CASCADE Buffers                                                          ; Off                ; Off                ;
; Ignore GLOBAL Buffers                                                           ; Off                ; Off                ;
; Ignore ROW GLOBAL Buffers                                                       ; Off                ; Off                ;
; Ignore LCELL Buffers                                                            ; Off                ; Off                ;
; Ignore SOFT Buffers                                                             ; On                 ; On                 ;
; Limit AHDL Integers to 32 Bits                                                  ; Off                ; Off                ;
; Optimization Technique                                                          ; Balanced           ; Balanced           ;
; Carry Chain Length                                                              ; 70                 ; 70                 ;
; Auto Carry Chains                                                               ; On                 ; On                 ;
; Auto Open-Drain Pins                                                            ; On                 ; On                 ;
; Perform WYSIWYG Primitive Resynthesis                                           ; Off                ; Off                ;
; Auto ROM Replacement                                                            ; On                 ; On                 ;
; Auto RAM Replacement                                                            ; On                 ; On                 ;
; Auto DSP Block Replacement                                                      ; On                 ; On                 ;
; Auto Shift Register Replacement                                                 ; Auto               ; Auto               ;
; Allow Shift Register Merging across Hierarchies                                 ; Auto               ; Auto               ;
; Auto Clock Enable Replacement                                                   ; On                 ; On                 ;
; Strict RAM Replacement                                                          ; Off                ; Off                ;
; Allow Synchronous Control Signals                                               ; On                 ; On                 ;
; Force Use of Synchronous Clear Signals                                          ; Off                ; Off                ;
; Auto Resource Sharing                                                           ; Off                ; Off                ;
; Allow Any RAM Size For Recognition                                              ; Off                ; Off                ;
; Allow Any ROM Size For Recognition                                              ; Off                ; Off                ;
; Allow Any Shift Register Size For Recognition                                   ; Off                ; Off                ;
; Use LogicLock Constraints during Resource Balancing                             ; On                 ; On                 ;
; Ignore translate_off and synthesis_off directives                               ; Off                ; Off                ;
; Timing-Driven Synthesis                                                         ; On                 ; On                 ;
; Report Parameter Settings                                                       ; On                 ; On                 ;
; Report Source Assignments                                                       ; On                 ; On                 ;
; Report Connectivity Checks                                                      ; On                 ; On                 ;
; Ignore Maximum Fan-Out Assignments                                              ; Off                ; Off                ;
; Synchronization Register Chain Length                                           ; 3                  ; 3                  ;
; Power Optimization During Synthesis                                             ; Normal compilation ; Normal compilation ;
; HDL message level                                                               ; Level2             ; Level2             ;
; Suppress Register Optimization Related Messages                                 ; Off                ; Off                ;
; Number of Removed Registers Reported in Synthesis Report                        ; 5000               ; 5000               ;
; Number of Swept Nodes Reported in Synthesis Report                              ; 5000               ; 5000               ;
; Number of Inverted Registers Reported in Synthesis Report                       ; 100                ; 100                ;
; Clock MUX Protection                                                            ; On                 ; On                 ;
; Auto Gated Clock Conversion                                                     ; Off                ; Off                ;
; Block Design Naming                                                             ; Auto               ; Auto               ;
; SDC constraint protection                                                       ; Off                ; Off                ;
; Synthesis Effort                                                                ; Auto               ; Auto               ;
; Shift Register Replacement - Allow Asynchronous Clear Signal                    ; On                 ; On                 ;
; Pre-Mapping Resynthesis Optimization                                            ; Off                ; Off                ;
; Analysis & Synthesis Message Level                                              ; Medium             ; Medium             ;
; Disable Register Merging Across Hierarchies                                     ; Auto               ; Auto               ;
; Resource Aware Inference For Block RAM                                          ; On                 ; On                 ;
; Automatic Parallel Synthesis                                                    ; On                 ; On                 ;
; Partial Reconfiguration Bitstream ID                                            ; Off                ; Off                ;
+---------------------------------------------------------------------------------+--------------------+--------------------+


+------------------------------------------+
; Parallel Compilation                     ;
+----------------------------+-------------+
; Processors                 ; Number      ;
+----------------------------+-------------+
; Number detected on machine ; 4           ;
; Maximum allowed            ; 2           ;
;                            ;             ;
; Average used               ; 1.00        ;
; Maximum used               ; 2           ;
;                            ;             ;
; Usage by Processor         ; % Time Used ;
;     Processor 1            ; 100.0%      ;
;     Processor 2            ;   0.1%      ;
+----------------------------+-------------+


+---------------------------------------------------------------------------------------------------------------------------------------------------------------------+
; Analysis & Synthesis Source Files Read                                                                                                                              ;
+------------------------------------+-----------------+------------------------+---------------------------------------------------------------------------+---------+
; File Name with User-Entered Path   ; Used in Netlist ; File Type              ; File Name with Absolute Path                                              ; Library ;
+------------------------------------+-----------------+------------------------+---------------------------------------------------------------------------+---------+
; ../../rtl/AES_Sbox.v               ; yes             ; User Verilog HDL File  ; C:/Users/xuant/Documents/GitHub/AES_128_DoAn/rtl/AES_Sbox.v               ;         ;
; ../../rtl/AES_Inv_Sbox.v           ; yes             ; User Verilog HDL File  ; C:/Users/xuant/Documents/GitHub/AES_128_DoAn/rtl/AES_Inv_Sbox.v           ;         ;
; ../../rtl/AES_128_Key_Mem.v        ; yes             ; User Verilog HDL File  ; C:/Users/xuant/Documents/GitHub/AES_128_DoAn/rtl/AES_128_Key_Mem.v        ;         ;
; ../../rtl/AES_128_Encipher_Block.v ; yes             ; User Verilog HDL File  ; C:/Users/xuant/Documents/GitHub/AES_128_DoAn/rtl/AES_128_Encipher_Block.v ;         ;
; ../../rtl/AES_128_Decipher_Block.v ; yes             ; User Verilog HDL File  ; C:/Users/xuant/Documents/GitHub/AES_128_DoAn/rtl/AES_128_Decipher_Block.v ;         ;
; ../../rtl/AES_128_Core.v           ; yes             ; User Verilog HDL File  ; C:/Users/xuant/Documents/GitHub/AES_128_DoAn/rtl/AES_128_Core.v           ;         ;
; ../../rtl/AES_128.v                ; yes             ; User Verilog HDL File  ; C:/Users/xuant/Documents/GitHub/AES_128_DoAn/rtl/AES_128.v                ;         ;
+------------------------------------+-----------------+------------------------+---------------------------------------------------------------------------+---------+


+---------------------------------------------------------+
; Analysis & Synthesis Resource Usage Summary             ;
+---------------------------------------------+-----------+
; Resource                                    ; Usage     ;
+---------------------------------------------+-----------+
; Estimate of Logic utilization (ALMs needed) ; 1987      ;
;                                             ;           ;
; Combinational ALUT usage for logic          ; 2239      ;
;     -- 7 input functions                    ; 210       ;
;     -- 6 input functions                    ; 981       ;
;     -- 5 input functions                    ; 546       ;
;     -- 4 input functions                    ; 278       ;
;     -- <=3 input functions                  ; 224       ;
;                                             ;           ;
; Dedicated logic registers                   ; 2226      ;
;                                             ;           ;
; I/O pins                                    ; 76        ;
;                                             ;           ;
; Total DSP Blocks                            ; 0         ;
;                                             ;           ;
; Maximum fan-out node                        ; clk~input ;
; Maximum fan-out                             ; 2226      ;
; Total fan-out                               ; 22541     ;
; Average fan-out                             ; 4.88      ;
+---------------------------------------------+-----------+


+------------------------------------------------------------------------------------------------------------------------------------------------------------------------------------------------------------------------------------------------------------------------------------+
; Analysis & Synthesis Resource Utilization by Entity                                                                                                                                                                                                                                ;
+------------------------------------------+---------------------+---------------------------+-------------------+------------+------+--------------+----------------------------------------------------------------------------------------+------------------------+--------------+
; Compilation Hierarchy Node               ; Combinational ALUTs ; Dedicated Logic Registers ; Block Memory Bits ; DSP Blocks ; Pins ; Virtual Pins ; Full Hierarchy Name                                                                    ; Entity Name            ; Library Name ;
+------------------------------------------+---------------------+---------------------------+-------------------+------------+------+--------------+----------------------------------------------------------------------------------------+------------------------+--------------+
; |AES_128                                 ; 2239 (93)           ; 2226 (390)                ; 0                 ; 0          ; 76   ; 0            ; |AES_128                                                                               ; AES_128                ; work         ;
;    |AES_128_Core:core|                   ; 2146 (78)           ; 1836 (5)                  ; 0                 ; 0          ; 0    ; 0            ; |AES_128|AES_128_Core:core                                                             ; AES_128_Core           ; work         ;
;       |AES_128_Decipher_Block:dec_block| ; 839 (679)           ; 139 (139)                 ; 0                 ; 0          ; 0    ; 0            ; |AES_128|AES_128_Core:core|AES_128_Decipher_Block:dec_block                            ; AES_128_Decipher_Block ; work         ;
;          |AES_Inv_Sbox:inv_sbox_inst|    ; 160 (160)           ; 0 (0)                     ; 0                 ; 0          ; 0    ; 0            ; |AES_128|AES_128_Core:core|AES_128_Decipher_Block:dec_block|AES_Inv_Sbox:inv_sbox_inst ; AES_Inv_Sbox           ; work         ;
;       |AES_128_Encipher_Block:enc_block| ; 361 (361)           ; 139 (139)                 ; 0                 ; 0          ; 0    ; 0            ; |AES_128|AES_128_Core:core|AES_128_Encipher_Block:enc_block                            ; AES_128_Encipher_Block ; work         ;
;       |AES_128_Key_Mem:keymem|           ; 708 (708)           ; 1553 (1553)               ; 0                 ; 0          ; 0    ; 0            ; |AES_128|AES_128_Core:core|AES_128_Key_Mem:keymem                                      ; AES_128_Key_Mem        ; work         ;
;       |AES_Sbox:sbox_inst|               ; 160 (160)           ; 0 (0)                     ; 0                 ; 0          ; 0    ; 0            ; |AES_128|AES_128_Core:core|AES_Sbox:sbox_inst                                          ; AES_Sbox               ; work         ;
+------------------------------------------+---------------------+---------------------------+-------------------+------------+------+--------------+----------------------------------------------------------------------------------------+------------------------+--------------+
Note: For table entries with two numbers listed, the numbers in parentheses indicate the number of resources of the given type used by the specific entity alone. The numbers listed outside of parentheses indicate the total resources of the given type used by the specific entity and all of its sub-entities in the hierarchy.


Encoding Type:  One-Hot
+-----------------------------------------------------------------------------------------------------------------------+
; State Machine - |AES_128|AES_128_Core:core|aes_core_ctrl_reg                                                          ;
+-----------------------------+-----------------------------+-----------------------------+-----------------------------+
; Name                        ; aes_core_ctrl_reg.CTRL_IDLE ; aes_core_ctrl_reg.CTRL_NEXT ; aes_core_ctrl_reg.CTRL_INIT ;
+-----------------------------+-----------------------------+-----------------------------+-----------------------------+
; aes_core_ctrl_reg.CTRL_IDLE ; 0                           ; 0                           ; 0                           ;
; aes_core_ctrl_reg.CTRL_INIT ; 1                           ; 0                           ; 1                           ;
; aes_core_ctrl_reg.CTRL_NEXT ; 1                           ; 1                           ; 0                           ;
+-----------------------------+-----------------------------+-----------------------------+-----------------------------+


Encoding Type:  One-Hot
+--------------------------------------------------------------------------------------------------------------------------------------------------------+
; State Machine - |AES_128|AES_128_Core:core|AES_128_Key_Mem:keymem|key_mem_ctrl_reg                                                                     ;
+--------------------------------+----------------------------+--------------------------------+----------------------------+----------------------------+
; Name                           ; key_mem_ctrl_reg.CTRL_DONE ; key_mem_ctrl_reg.CTRL_GENERATE ; key_mem_ctrl_reg.CTRL_INIT ; key_mem_ctrl_reg.CTRL_IDLE ;
+--------------------------------+----------------------------+--------------------------------+----------------------------+----------------------------+
; key_mem_ctrl_reg.CTRL_IDLE     ; 0                          ; 0                              ; 0                          ; 0                          ;
; key_mem_ctrl_reg.CTRL_INIT     ; 0                          ; 0                              ; 1                          ; 1                          ;
; key_mem_ctrl_reg.CTRL_GENERATE ; 0                          ; 1                              ; 0                          ; 1                          ;
; key_mem_ctrl_reg.CTRL_DONE     ; 1                          ; 0                              ; 0                          ; 1                          ;
+--------------------------------+----------------------------+--------------------------------+----------------------------+----------------------------+


Encoding Type:  One-Hot
+----------------------------------------------------------------------------------------------------------------------------+
; State Machine - |AES_128|AES_128_Core:core|AES_128_Decipher_Block:dec_block|dec_ctrl_reg                                   ;
+------------------------+------------------------+------------------------+------------------------+------------------------+
; Name                   ; dec_ctrl_reg.CTRL_MAIN ; dec_ctrl_reg.CTRL_SBOX ; dec_ctrl_reg.CTRL_INIT ; dec_ctrl_reg.CTRL_IDLE ;
+------------------------+------------------------+------------------------+------------------------+------------------------+
; dec_ctrl_reg.CTRL_IDLE ; 0                      ; 0                      ; 0                      ; 0                      ;
; dec_ctrl_reg.CTRL_INIT ; 0                      ; 0                      ; 1                      ; 1                      ;
; dec_ctrl_reg.CTRL_SBOX ; 0                      ; 1                      ; 0                      ; 1                      ;
; dec_ctrl_reg.CTRL_MAIN ; 1                      ; 0                      ; 0                      ; 1                      ;
+------------------------+------------------------+------------------------+------------------------+------------------------+


Encoding Type:  One-Hot
+----------------------------------------------------------------------------------------------------------------------------+
; State Machine - |AES_128|AES_128_Core:core|AES_128_Encipher_Block:enc_block|enc_ctrl_reg                                   ;
+------------------------+------------------------+------------------------+------------------------+------------------------+
; Name                   ; enc_ctrl_reg.CTRL_MAIN ; enc_ctrl_reg.CTRL_SBOX ; enc_ctrl_reg.CTRL_INIT ; enc_ctrl_reg.CTRL_IDLE ;
+------------------------+------------------------+------------------------+------------------------+------------------------+
; enc_ctrl_reg.CTRL_IDLE ; 0                      ; 0                      ; 0                      ; 0                      ;
; enc_ctrl_reg.CTRL_INIT ; 0                      ; 0                      ; 1                      ; 1                      ;
; enc_ctrl_reg.CTRL_SBOX ; 0                      ; 1                      ; 0                      ; 1                      ;
; enc_ctrl_reg.CTRL_MAIN ; 1                      ; 0                      ; 0                      ; 1                      ;
+------------------------+------------------------+------------------------+------------------------+------------------------+


+----------------------------------------------------------------------------------------+
; Registers Removed During Synthesis                                                     ;
+-------------------------------------------------------------------+--------------------+
; Register name                                                     ; Reason for Removal ;
+-------------------------------------------------------------------+--------------------+
; AES_128_Core:core|AES_128_Key_Mem:keymem|key_mem_ctrl_reg~8       ; Lost fanout        ;
; AES_128_Core:core|AES_128_Key_Mem:keymem|key_mem_ctrl_reg~9       ; Lost fanout        ;
; AES_128_Core:core|AES_128_Key_Mem:keymem|key_mem_ctrl_reg~10      ; Lost fanout        ;
; AES_128_Core:core|AES_128_Decipher_Block:dec_block|dec_ctrl_reg~8 ; Lost fanout        ;
; AES_128_Core:core|AES_128_Decipher_Block:dec_block|dec_ctrl_reg~9 ; Lost fanout        ;
; AES_128_Core:core|AES_128_Encipher_Block:enc_block|enc_ctrl_reg~8 ; Lost fanout        ;
; AES_128_Core:core|AES_128_Encipher_Block:enc_block|enc_ctrl_reg~9 ; Lost fanout        ;
; Total Number of Removed Registers = 7                             ;                    ;
+-------------------------------------------------------------------+--------------------+


+------------------------------------------------------+
; General Register Statistics                          ;
+----------------------------------------------+-------+
; Statistic                                    ; Value ;
+----------------------------------------------+-------+
; Total registers                              ; 2226  ;
; Number of registers using Synchronous Clear  ; 1674  ;
; Number of registers using Synchronous Load   ; 129   ;
; Number of registers using Asynchronous Clear ; 2226  ;
; Number of registers using Asynchronous Load  ; 0     ;
; Number of registers using Clock Enable       ; 2077  ;
; Number of registers using Preset             ; 0     ;
+----------------------------------------------+-------+


+------------------------------------------------------------------------+
; Inverted Register Statistics                                           ;
+--------------------------------------------------------------+---------+
; Inverted Register                                            ; Fan out ;
+--------------------------------------------------------------+---------+
; AES_128_Core:core|ready_reg                                  ; 1       ;
; AES_128_Core:core|AES_128_Encipher_Block:enc_block|ready_reg ; 4       ;
; AES_128_Core:core|AES_128_Decipher_Block:dec_block|ready_reg ; 4       ;
; Total number of inverted registers = 3                       ;         ;
+--------------------------------------------------------------+---------+


+--------------------------------------------------------------------------------------------------------------------------------------------------------------------------------------------+
; Multiplexer Restructuring Statistics (Restructuring Performed)                                                                                                                             ;
+--------------------+-----------+---------------+----------------------+------------------------+------------+------------------------------------------------------------------------------+
; Multiplexer Inputs ; Bus Width ; Baseline Area ; Area if Restructured ; Saving if Restructured ; Registered ; Example Multiplexer Output                                                   ;
+--------------------+-----------+---------------+----------------------+------------------------+------------+------------------------------------------------------------------------------+
; 3:1                ; 4 bits    ; 8 LEs         ; 8 LEs                ; 0 LEs                  ; Yes        ; |AES_128|AES_128_Core:core|AES_128_Key_Mem:keymem|round_ctr_reg[3]           ;
; 3:1                ; 2 bits    ; 4 LEs         ; 4 LEs                ; 0 LEs                  ; Yes        ; |AES_128|AES_128_Core:core|AES_128_Decipher_Block:dec_block|sword_ctr_reg[1] ;
; 3:1                ; 2 bits    ; 4 LEs         ; 4 LEs                ; 0 LEs                  ; Yes        ; |AES_128|AES_128_Core:core|AES_128_Encipher_Block:enc_block|sword_ctr_reg[1] ;
; 3:1                ; 2 bits    ; 4 LEs         ; 4 LEs                ; 0 LEs                  ; Yes        ; |AES_128|AES_128_Core:core|AES_128_Decipher_Block:dec_block|round_ctr_reg[3] ;
; 3:1                ; 2 bits    ; 4 LEs         ; 4 LEs                ; 0 LEs                  ; Yes        ; |AES_128|AES_128_Core:core|AES_128_Decipher_Block:dec_block|round_ctr_reg[2] ;
; 3:1                ; 4 bits    ; 8 LEs         ; 8 LEs                ; 0 LEs                  ; Yes        ; |AES_128|AES_128_Core:core|AES_128_Encipher_Block:enc_block|round_ctr_reg[3] ;
; 4:1                ; 2 bits    ; 4 LEs         ; 4 LEs                ; 0 LEs                  ; Yes        ; |AES_128|init_reg                                                            ;
; 5:1                ; 128 bits  ; 384 LEs       ; 256 LEs              ; 128 LEs                ; Yes        ; |AES_128|AES_128_Core:core|AES_128_Decipher_Block:dec_block|block_w2_reg[24] ;
; 5:1                ; 128 bits  ; 384 LEs       ; 256 LEs              ; 128 LEs                ; Yes        ; |AES_128|AES_128_Core:core|AES_128_Encipher_Block:enc_block|block_w1_reg[24] ;
; 3:1                ; 3 bits    ; 6 LEs         ; 6 LEs                ; 0 LEs                  ; No         ; |AES_128|config_we                                                           ;
; 3:1                ; 128 bits  ; 256 LEs       ; 256 LEs              ; 0 LEs                  ; No         ; |AES_128|AES_128_Core:core|AES_128_Key_Mem:keymem|key_mem_new[44]            ;
; 4:1                ; 2 bits    ; 4 LEs         ; 4 LEs                ; 0 LEs                  ; No         ; |AES_128|AES_128_Core:core|aes_core_ctrl_reg                                 ;
; 5:1                ; 32 bits   ; 96 LEs        ; 96 LEs               ; 0 LEs                  ; No         ; |AES_128|AES_128_Core:core|AES_128_Decipher_Block:dec_block|tmp_sbox[29]     ;
; 6:1                ; 32 bits   ; 128 LEs       ; 128 LEs              ; 0 LEs                  ; No         ; |AES_128|AES_128_Core:core|muxed_sbox[31]                                    ;
; 11:1               ; 128 bits  ; 896 LEs       ; 896 LEs              ; 0 LEs                  ; No         ; |AES_128|AES_128_Core:core|AES_128_Key_Mem:keymem|Mux86                      ;
; 7:1                ; 10 bits   ; 40 LEs        ; 40 LEs               ; 0 LEs                  ; No         ; |AES_128|tmp_read_data                                                       ;
; 7:1                ; 18 bits   ; 72 LEs        ; 72 LEs               ; 0 LEs                  ; No         ; |AES_128|tmp_read_data                                                       ;
; 8:1                ; 2 bits    ; 10 LEs        ; 10 LEs               ; 0 LEs                  ; No         ; |AES_128|tmp_read_data                                                       ;
; 262:1              ; 2 bits    ; 348 LEs       ; 20 LEs               ; 328 LEs                ; No         ; |AES_128|tmp_read_data                                                       ;
+--------------------+-----------+---------------+----------------------+------------------------+------------+------------------------------------------------------------------------------+


+-----------------------------------------------------+
; Post-Synthesis Netlist Statistics for Top Partition ;
+-----------------------+-----------------------------+
; Type                  ; Count                       ;
+-----------------------+-----------------------------+
; arriav_ff             ; 2226                        ;
;     CLR               ; 16                          ;
;     CLR SCLR          ; 4                           ;
;     CLR SLD           ; 129                         ;
;     ENA CLR           ; 407                         ;
;     ENA CLR SCLR      ; 1670                        ;
; arriav_lcell_comb     ; 2239                        ;
;     extend            ; 210                         ;
;         7 data inputs ; 210                         ;
;     normal            ; 2029                        ;
;         1 data inputs ; 2                           ;
;         2 data inputs ; 119                         ;
;         3 data inputs ; 103                         ;
;         4 data inputs ; 278                         ;
;         5 data inputs ; 546                         ;
;         6 data inputs ; 981                         ;
; boundary_port         ; 76                          ;
;                       ;                             ;
; Max LUT depth         ; 6.00                        ;
; Average LUT depth     ; 4.65                        ;
+-----------------------+-----------------------------+


+-------------------------------+
; Elapsed Time Per Partition    ;
+----------------+--------------+
; Partition Name ; Elapsed Time ;
+----------------+--------------+
; Top            ; 00:00:20     ;
+----------------+--------------+


+-------------------------------+
; Analysis & Synthesis Messages ;
+-------------------------------+
Info: *******************************************************************
Info: Running Quartus Prime Analysis & Synthesis
    Info: Version 21.1.0 Build 842 10/21/2021 SJ Lite Edition
    Info: Processing started: Sun May 22 01:01:42 2022
Info: Command: quartus_map --read_settings_files=on --write_settings_files=off AES_128 -c AES_128
Warning (18236): Number of processors has not been specified which may cause overloading on shared machines.  Set the global assignment NUM_PARALLEL_PROCESSORS in your QSF to an appropriate value for best performance.
Info (20030): Parallel compilation is enabled and will use 2 of the 2 processors detected
Info (12021): Found 1 design units, including 1 entities, in source file /users/xuant/documents/github/aes_128_doan/rtl/aes_sbox.v
    Info (12023): Found entity 1: AES_Sbox File: C:/Users/xuant/Documents/GitHub/AES_128_DoAn/rtl/AES_Sbox.v Line: 9
Info (12021): Found 1 design units, including 1 entities, in source file /users/xuant/documents/github/aes_128_doan/rtl/aes_inv_sbox.v
    Info (12023): Found entity 1: AES_Inv_Sbox File: C:/Users/xuant/Documents/GitHub/AES_128_DoAn/rtl/AES_Inv_Sbox.v Line: 7
Info (12021): Found 1 design units, including 1 entities, in source file /users/xuant/documents/github/aes_128_doan/rtl/aes_128_key_mem.v
    Info (12023): Found entity 1: AES_128_Key_Mem File: C:/Users/xuant/Documents/GitHub/AES_128_DoAn/rtl/AES_128_Key_Mem.v Line: 5
Info (12021): Found 1 design units, including 1 entities, in source file /users/xuant/documents/github/aes_128_doan/rtl/aes_128_encipher_block.v
    Info (12023): Found entity 1: AES_128_Encipher_Block File: C:/Users/xuant/Documents/GitHub/AES_128_DoAn/rtl/AES_128_Encipher_Block.v Line: 8
Info (12021): Found 1 design units, including 1 entities, in source file /users/xuant/documents/github/aes_128_doan/rtl/aes_128_decipher_block.v
    Info (12023): Found entity 1: AES_128_Decipher_Block File: C:/Users/xuant/Documents/GitHub/AES_128_DoAn/rtl/AES_128_Decipher_Block.v Line: 8
Info (12021): Found 1 design units, including 1 entities, in source file /users/xuant/documents/github/aes_128_doan/rtl/aes_128_core.v
    Info (12023): Found entity 1: AES_128_Core File: C:/Users/xuant/Documents/GitHub/AES_128_DoAn/rtl/AES_128_Core.v Line: 6
Info (12021): Found 1 design units, including 1 entities, in source file /users/xuant/documents/github/aes_128_doan/rtl/aes_128.v
    Info (12023): Found entity 1: AES_128 File: C:/Users/xuant/Documents/GitHub/AES_128_DoAn/rtl/AES_128.v Line: 5
Info (12127): Elaborating entity "AES_128" for the top level hierarchy
Warning (10036): Verilog HDL or VHDL warning at AES_128.v(85): object "core_keylen" assigned a value but never read File: C:/Users/xuant/Documents/GitHub/AES_128_DoAn/rtl/AES_128.v Line: 85
Info (12128): Elaborating entity "AES_128_Core" for hierarchy "AES_128_Core:core" File: C:/Users/xuant/Documents/GitHub/AES_128_DoAn/rtl/AES_128.v Line: 117
Info (12128): Elaborating entity "AES_128_Encipher_Block" for hierarchy "AES_128_Core:core|AES_128_Encipher_Block:enc_block" File: C:/Users/xuant/Documents/GitHub/AES_128_DoAn/rtl/AES_128_Core.v Line: 85
Info (10264): Verilog HDL Case Statement information at AES_128_Encipher_Block.v(253): all case item expressions in this case statement are onehot File: C:/Users/xuant/Documents/GitHub/AES_128_DoAn/rtl/AES_128_Encipher_Block.v Line: 253
Info (12128): Elaborating entity "AES_128_Decipher_Block" for hierarchy "AES_128_Core:core|AES_128_Decipher_Block:dec_block" File: C:/Users/xuant/Documents/GitHub/AES_128_DoAn/rtl/AES_128_Core.v Line: 97
Info (10264): Verilog HDL Case Statement information at AES_128_Decipher_Block.v(306): all case item expressions in this case statement are onehot File: C:/Users/xuant/Documents/GitHub/AES_128_DoAn/rtl/AES_128_Decipher_Block.v Line: 306
Info (12128): Elaborating entity "AES_Inv_Sbox" for hierarchy "AES_128_Core:core|AES_128_Decipher_Block:dec_block|AES_Inv_Sbox:inv_sbox_inst" File: C:/Users/xuant/Documents/GitHub/AES_128_DoAn/rtl/AES_128_Decipher_Block.v Line: 238
Info (12128): Elaborating entity "AES_128_Key_Mem" for hierarchy "AES_128_Core:core|AES_128_Key_Mem:keymem" File: C:/Users/xuant/Documents/GitHub/AES_128_DoAn/rtl/AES_128_Core.v Line: 110
Info (12128): Elaborating entity "AES_Sbox" for hierarchy "AES_128_Core:core|AES_Sbox:sbox_inst" File: C:/Users/xuant/Documents/GitHub/AES_128_DoAn/rtl/AES_128_Core.v Line: 115
Info (286030): Timing-Driven Synthesis is running
Info (17049): 7 registers lost all their fanouts during netlist optimizations.
Info (16010): Generating hard_block partition "hard_block:auto_generated_inst"
    Info (16011): Adding 0 node(s), including 0 DDIO, 0 PLL, 0 transceiver and 0 LCELL
Info (21057): Implemented 4248 device resources after synthesis - the final resource count might be different
    Info (21058): Implemented 44 input pins
    Info (21059): Implemented 32 output pins
    Info (21061): Implemented 4172 logic cells
Info: Quartus Prime Analysis & Synthesis was successful. 0 errors, 2 warnings
    Info: Peak virtual memory: 4853 megabytes
    Info: Processing ended: Sun May 22 01:02:24 2022
    Info: Elapsed time: 00:00:42
    Info: Total CPU time (on all processors): 00:01:09


